[debug] [2022-05-12T13:50:53.183Z] ----------------------------------------------------------------------
[debug] [2022-05-12T13:50:53.185Z] Command:       C:\Program Files\nodejs\node.exe C:\Users\Ezabul Bary\AppData\Roaming\npm\node_modules\firebase-tools\lib\bin\firebase.js init
[debug] [2022-05-12T13:50:53.185Z] CLI Version:   10.8.0
[debug] [2022-05-12T13:50:53.185Z] Platform:      win32
[debug] [2022-05-12T13:50:53.186Z] Node Version:  v17.0.1
[debug] [2022-05-12T13:50:53.276Z] Time:          Thu May 12 2022 19:50:53 GMT+0600 (Bangladesh Standard Time)
[debug] [2022-05-12T13:50:53.276Z] ----------------------------------------------------------------------
[debug] 
[debug] [2022-05-12T13:50:53.285Z] >>> [apiv2][query] GET https://firebase-public.firebaseio.com/cli.json [none]
[debug] [2022-05-12T13:50:53.523Z] > command requires scopes: ["email","openid","https://www.googleapis.com/auth/cloudplatformprojects.readonly","https://www.googleapis.com/auth/firebase","https://www.googleapis.com/auth/cloud-platform"]
[debug] [2022-05-12T13:50:53.524Z] > authorizing via signed-in user (ezabul.bary@gmail.com)
[info] 
     ######## #### ########  ######## ########     ###     ######  ########
     ##        ##  ##     ## ##       ##     ##  ##   ##  ##       ##
     ######    ##  ########  ######   ########  #########  ######  ######
     ##        ##  ##    ##  ##       ##     ## ##     ##       ## ##
     ##       #### ##     ## ######## ########  ##     ##  ######  ########

You're about to initialize a Firebase project in this directory:

  F:\All-Works\Web-Devlopment\00-Programming-Hero-Web-Devlopment\Milestone-11 Backend-and-Database-Integrate\genius-car-service-map-claint

Before we get started, keep in mind:

  * You are initializing within an existing Firebase project directory

[debug] [2022-05-12T13:50:54.581Z] <<< [apiv2][status] GET https://firebase-public.firebaseio.com/cli.json 200
[debug] [2022-05-12T13:50:54.582Z] <<< [apiv2][body] GET https://firebase-public.firebaseio.com/cli.json {"cloudBuildErrorAfter":1594252800000,"cloudBuildWarnAfter":1590019200000,"defaultNode10After":1594252800000,"minVersion":"3.0.5","node8DeploysDisabledAfter":1613390400000,"node8RuntimeDisabledAfter":1615809600000,"node8WarnAfter":1600128000000}
[info] 
=== Project Setup
[info] 
[info] First, let's associate this project directory with a Firebase project.
[info] You can create multiple project aliases by running firebase use --add, 
[info] but for now we'll just set up a default project.
[info] 
[debug] [2022-05-12T13:52:05.575Z] Using project from CLI flag: genius-car-services-18c77
[debug] [2022-05-12T13:52:05.576Z] > refreshing access token with scopes: []
[debug] [2022-05-12T13:52:05.577Z] >>> HTTP REQUEST POST https://www.googleapis.com/oauth2/v3/token  
 <request body omitted>
[debug] [2022-05-12T13:52:07.205Z] <<< HTTP RESPONSE 200 {"pragma":"no-cache","expires":"Mon, 01 Jan 1990 00:00:00 GMT","cache-control":"no-cache, no-store, max-age=0, must-revalidate","date":"Thu, 12 May 2022 13:52:08 GMT","content-type":"application/json; charset=utf-8","vary":"X-Origin, Referer, Origin,Accept-Encoding","server":"scaffolding on HTTPServer2","x-xss-protection":"0","x-frame-options":"SAMEORIGIN","x-content-type-options":"nosniff","alt-svc":"h3=\":443\"; ma=2592000,h3-29=\":443\"; ma=2592000,h3-Q050=\":443\"; ma=2592000,h3-Q046=\":443\"; ma=2592000,h3-Q043=\":443\"; ma=2592000,quic=\":443\"; ma=2592000; v=\"46,43\"","accept-ranges":"none","transfer-encoding":"chunked"}
[debug] [2022-05-12T13:52:07.680Z] >>> [apiv2][query] GET https://firebase.googleapis.com/v1beta1/projects/genius-car-services-18c77 [none]
[debug] [2022-05-12T13:52:08.298Z] <<< [apiv2][status] GET https://firebase.googleapis.com/v1beta1/projects/genius-car-services-18c77 403
[debug] [2022-05-12T13:52:08.298Z] <<< [apiv2][body] GET https://firebase.googleapis.com/v1beta1/projects/genius-car-services-18c77 {"error":{"code":403,"message":"The caller does not have permission","status":"PERMISSION_DENIED"}}
[debug] [2022-05-12T13:52:08.299Z] HTTP Error: 403, The caller does not have permission
[debug] [2022-05-12T13:52:08.735Z] FirebaseError: HTTP Error: 403, The caller does not have permission
    at module.exports (C:\Users\Ezabul Bary\AppData\Roaming\npm\node_modules\firebase-tools\lib\responseToError.js:47:12)
    at RetryOperation._fn (C:\Users\Ezabul Bary\AppData\Roaming\npm\node_modules\firebase-tools\lib\apiv2.js:286:39)
    at processTicksAndRejections (node:internal/process/task_queues:96:5)
[error] 
[error] Error: Failed to get Firebase project genius-car-services-18c77. Please make sure the project exists and your account has permission to access it.
